<?xml version="1.0" encoding="UTF-8"?>
<!-- Generated by org.testng.reporters.JUnitXMLReporter -->
<testsuite ignored="12" hostname="DESKTOP-5TN5CVM" failures="0" tests="1" name="Default test" time="14.234" errors="0" timestamp="2025-04-29T10:48:20 EET">
  <testcase classname="AutomationLabCodenBoxFinal.AutomationLabCodenBoxFinal.AppTest" name="IFrameTest" time="10.348"/>
  <testcase classname="AutomationLabCodenBoxFinal.AutomationLabCodenBoxFinal.AppTest" name="TestCheckbox" time="0.0">
    <ignored/>
  </testcase> <!-- TestCheckbox -->
  <testcase classname="AutomationLabCodenBoxFinal.AutomationLabCodenBoxFinal.AppTest" name="MouseHoverTest" time="0.0">
    <ignored/>
  </testcase> <!-- MouseHoverTest -->
  <testcase classname="AutomationLabCodenBoxFinal.AutomationLabCodenBoxFinal.AppTest" name="DownloadApp" time="0.0">
    <ignored/>
  </testcase> <!-- DownloadApp -->
  <testcase classname="AutomationLabCodenBoxFinal.AutomationLabCodenBoxFinal.AppTest" name="TestDynamicDDL" time="0.0">
    <ignored/>
  </testcase> <!-- TestDynamicDDL -->
  <testcase classname="AutomationLabCodenBoxFinal.AutomationLabCodenBoxFinal.AppTest" name="TestSwitchToAlert" time="0.0">
    <ignored/>
  </testcase> <!-- TestSwitchToAlert -->
  <testcase classname="AutomationLabCodenBoxFinal.AutomationLabCodenBoxFinal.AppTest" name="TestSwitchToConfirm" time="0.0">
    <ignored/>
  </testcase> <!-- TestSwitchToConfirm -->
  <testcase classname="AutomationLabCodenBoxFinal.AutomationLabCodenBoxFinal.AppTest" name="ElementDisplayedTest" time="0.0">
    <ignored/>
  </testcase> <!-- ElementDisplayedTest -->
  <testcase classname="AutomationLabCodenBoxFinal.AutomationLabCodenBoxFinal.AppTest" name="TestSwitchWindow" time="0.0">
    <ignored/>
  </testcase> <!-- TestSwitchWindow -->
  <testcase classname="AutomationLabCodenBoxFinal.AutomationLabCodenBoxFinal.AppTest" name="TestStaticDDL" time="0.0">
    <ignored/>
  </testcase> <!-- TestStaticDDL -->
  <testcase classname="AutomationLabCodenBoxFinal.AutomationLabCodenBoxFinal.AppTest" name="TestRadioBtnSelection" time="0.0">
    <ignored/>
  </testcase> <!-- TestRadioBtnSelection -->
  <testcase classname="AutomationLabCodenBoxFinal.AutomationLabCodenBoxFinal.AppTest" name="TableTest" time="0.0">
    <ignored/>
  </testcase> <!-- TableTest -->
  <testcase classname="AutomationLabCodenBoxFinal.AutomationLabCodenBoxFinal.AppTest" name="TestSwitchTab" time="0.0">
    <ignored/>
  </testcase> <!-- TestSwitchTab -->
</testsuite> <!-- Default test -->
