<?xml version="1.0" encoding="UTF-8"?>
<testng-results ignored="12" total="13" passed="1" failed="0" skipped="0">
  <reporter-output>
  </reporter-output>
  <suite started-at="2025-04-29T10:48:06 EET" name="Default suite" finished-at="2025-04-29T10:48:20 EET" duration-ms="14234">
    <groups>
    </groups>
    <test started-at="2025-04-29T10:48:06 EET" name="Default test" finished-at="2025-04-29T10:48:20 EET" duration-ms="14234">
      <class name="AutomationLabCodenBoxFinal.AutomationLabCodenBoxFinal.AppTest">
        <test-method is-config="true" signature="Setup()[pri:0, instance:AutomationLabCodenBoxFinal.AutomationLabCodenBoxFinal.AppTest@d3957fe]" started-at="2025-04-29T10:48:06 EET" name="Setup" finished-at="2025-04-29T10:48:10 EET" duration-ms="3863" status="PASS">
          <reporter-output>
          </reporter-output>
        </test-method> <!-- Setup -->
        <test-method signature="IFrameTest()[pri:12, instance:AutomationLabCodenBoxFinal.AutomationLabCodenBoxFinal.AppTest@d3957fe]" started-at="2025-04-29T10:48:10 EET" name="IFrameTest" finished-at="2025-04-29T10:48:20 EET" duration-ms="10348" status="PASS">
          <reporter-output>
          </reporter-output>
        </test-method> <!-- IFrameTest -->
      </class> <!-- AutomationLabCodenBoxFinal.AutomationLabCodenBoxFinal.AppTest -->
    </test> <!-- Default test -->
  </suite> <!-- Default suite -->
</testng-results>
